INFO  [Thread-7] 2020-11-16 21:04:43,003 repast.simphony.batch.ssh.LocalSession - java.lang.RuntimeException: java.lang.reflect.InvocationTargetException
INFO  [Thread-7] 2020-11-16 21:04:43,003 repast.simphony.batch.ssh.LocalSession - 	at repast.simphony.engine.schedule.DynamicTargetAction.execute(DynamicTargetAction.java:72)
INFO  [Thread-7] 2020-11-16 21:04:43,004 repast.simphony.batch.ssh.LocalSession - 	at repast.simphony.engine.controller.ScheduledMethodControllerAction$ScheduleMethodAllAction.execute(ScheduledMethodControllerAction.java:333)
INFO  [Thread-7] 2020-11-16 21:04:43,004 repast.simphony.batch.ssh.LocalSession - 	at repast.simphony.engine.schedule.DefaultAction.execute(DefaultAction.java:38)
INFO  [Thread-7] 2020-11-16 21:04:43,004 repast.simphony.batch.ssh.LocalSession - 	at repast.simphony.engine.schedule.ScheduleGroup.executeList(ScheduleGroup.java:205)
INFO  [Thread-7] 2020-11-16 21:04:43,005 repast.simphony.batch.ssh.LocalSession - 	at repast.simphony.engine.schedule.ScheduleGroup.execute(ScheduleGroup.java:231)
INFO  [Thread-7] 2020-11-16 21:04:43,005 repast.simphony.batch.ssh.LocalSession - 	at repast.simphony.engine.schedule.Schedule.execute(Schedule.java:352)
INFO  [Thread-7] 2020-11-16 21:04:43,005 repast.simphony.batch.ssh.LocalSession - 	at repast.simphony.batch.BatchScheduleRunner$ScheduleLoopRunnable.run(BatchScheduleRunner.java:37)
INFO  [Thread-7] 2020-11-16 21:04:43,005 repast.simphony.batch.ssh.LocalSession - 	at java.base/java.lang.Thread.run(Thread.java:834)
INFO  [Thread-7] 2020-11-16 21:04:43,005 repast.simphony.batch.ssh.LocalSession - Caused by: java.lang.reflect.InvocationTargetException
INFO  [Thread-7] 2020-11-16 21:04:43,005 repast.simphony.batch.ssh.LocalSession - 	at muscle.InflamCell$$FastClassByCGLIB$$4ea0a4d6.invoke(<generated>)
INFO  [Thread-7] 2020-11-16 21:04:43,005 repast.simphony.batch.ssh.LocalSession - 	at net.sf.cglib.reflect.FastMethod.invoke(FastMethod.java:53)
INFO  [Thread-7] 2020-11-16 21:04:43,005 repast.simphony.batch.ssh.LocalSession - 	at repast.simphony.engine.schedule.DynamicTargetAction.execute(DynamicTargetAction.java:69)
INFO  [Thread-7] 2020-11-16 21:04:43,005 repast.simphony.batch.ssh.LocalSession - 	... 7 more
INFO  [Thread-7] 2020-11-16 21:04:43,005 repast.simphony.batch.ssh.LocalSession - Caused by: java.lang.ArrayIndexOutOfBoundsException: Index 3097 out of bounds for length 3097
INFO  [Thread-7] 2020-11-16 21:04:43,006 repast.simphony.batch.ssh.LocalSession - 	at muscle.GrowthFactors.setActiveTgf(GrowthFactors.java:283)
INFO  [Thread-7] 2020-11-16 21:04:43,006 repast.simphony.batch.ssh.LocalSession - 	at muscle.InflamCell.scheduler(InflamCell.java:51)
INFO  [Thread-7] 2020-11-16 21:04:43,006 repast.simphony.batch.ssh.LocalSession - 	... 10 more
INFO  [pool-7-thread-1] 2020-11-16 21:05:26,261 repast.simphony.batch.ssh.LocalDonePoller - Polled C:\Users\kbc7vn\AppData\Local\Temp\simphony_model_1605573921338 for DONE:  no
INFO  [pool-7-thread-1] 2020-11-16 21:06:26,260 repast.simphony.batch.ssh.LocalDonePoller - Polled C:\Users\kbc7vn\AppData\Local\Temp\simphony_model_1605573921338 for DONE:  no
INFO  [pool-7-thread-1] 2020-11-16 21:07:26,261 repast.simphony.batch.ssh.LocalDonePoller - Polled C:\Users\kbc7vn\AppData\Local\Temp\simphony_model_1605573921338 for DONE:  no
INFO  [pool-7-thread-1] 2020-11-16 21:08:26,261 repast.simphony.batch.ssh.LocalDonePoller - Polled C:\Users\kbc7vn\AppData\Local\Temp\simphony_model_1605573921338 for DONE:  no
INFO  [pool-7-thread-1] 2020-11-16 21:09:46,602 repast.simphony.batch.ssh.LocalDonePoller - Polled C:\Users\kbc7vn\AppData\Local\Temp\simphony_model_1605573921338 for DONE:  no
INFO  [Thread-7] 2020-11-16 21:09:48,026 repast.simphony.batch.ssh.LocalSession - FATAL [Thread-4] 21:09:48,023 repast.simphony.batch.BatchScheduleRunner - BatchSchedule.execute: error when running the schedule
INFO  [Thread-7] 2020-11-16 21:09:48,027 repast.simphony.batch.ssh.LocalSession - Current tick (319.0)
INFO  [Thread-7] 2020-11-16 21:09:48,027 repast.simphony.batch.ssh.LocalSession - java.lang.RuntimeException: java.lang.reflect.InvocationTargetException
INFO  [Thread-7] 2020-11-16 21:09:48,027 repast.simphony.batch.ssh.LocalSession - 	at repast.simphony.engine.schedule.DynamicTargetAction.execute(DynamicTargetAction.java:72)
INFO  [Thread-7] 2020-11-16 21:09:48,027 repast.simphony.batch.ssh.LocalSession - 	at repast.simphony.engine.controller.ScheduledMethodControllerAction$ScheduleMethodAllAction.execute(ScheduledMethodControllerAction.java:333)
INFO  [Thread-7] 2020-11-16 21:09:48,027 repast.simphony.batch.ssh.LocalSession - 	at repast.simphony.engine.schedule.DefaultAction.execute(DefaultAction.java:38)
INFO  [Thread-7] 2020-11-16 21:09:48,027 repast.simphony.batch.ssh.LocalSession - 	at repast.simphony.engine.schedule.ScheduleGroup.executeList(ScheduleGroup.java:205)
INFO  [Thread-7] 2020-11-16 21:09:48,028 repast.simphony.batch.ssh.LocalSession - 	at repast.simphony.engine.schedule.ScheduleGroup.execute(ScheduleGroup.java:231)
INFO  [Thread-7] 2020-11-16 21:09:48,028 repast.simphony.batch.ssh.LocalSession - 	at repast.simphony.engine.schedule.Schedule.execute(Schedule.java:352)
INFO  [Thread-7] 2020-11-16 21:09:48,028 repast.simphony.batch.ssh.LocalSession - 	at repast.simphony.batch.BatchScheduleRunner$ScheduleLoopRunnable.run(BatchScheduleRunner.java:37)
INFO  [Thread-7] 2020-11-16 21:09:48,028 repast.simphony.batch.ssh.LocalSession - 	at java.base/java.lang.Thread.run(Thread.java:834)
INFO  [Thread-7] 2020-11-16 21:09:48,028 repast.simphony.batch.ssh.LocalSession - Caused by: java.lang.reflect.InvocationTargetException
INFO  [Thread-7] 2020-11-16 21:09:48,028 repast.simphony.batch.ssh.LocalSession - 	at muscle.InflamCell$$FastClassByCGLIB$$4ea0a4d6.invoke(<generated>)
INFO  [Thread-7] 2020-11-16 21:09:48,028 repast.simphony.batch.ssh.LocalSession - 	at net.sf.cglib.reflect.FastMethod.invoke(FastMethod.java:53)
INFO  [Thread-7] 2020-11-16 21:09:48,028 repast.simphony.batch.ssh.LocalSession - 	at repast.simphony.engine.schedule.DynamicTargetAction.execute(DynamicTargetAction.java:69)
INFO  [Thread-7] 2020-11-16 21:09:48,028 repast.simphony.batch.ssh.LocalSession - 	... 7 more
INFO  [Thread-7] 2020-11-16 21:09:48,028 repast.simphony.batch.ssh.LocalSession - Caused by: java.lang.ArrayIndexOutOfBoundsException: Index 3097 out of bounds for length 3097
INFO  [Thread-7] 2020-11-16 21:09:48,029 repast.simphony.batch.ssh.LocalSession - 	at muscle.GrowthFactors.setActiveTgf(GrowthFactors.java:283)
INFO  [Thread-7] 2020-11-16 21:09:48,029 repast.simphony.batch.ssh.LocalSession - 	at muscle.InflamCell.scheduler(InflamCell.java:51)
INFO  [Thread-7] 2020-11-16 21:09:48,029 repast.simphony.batch.ssh.LocalSession - 	... 10 more
INFO  [pool-7-thread-1] 2020-11-16 21:10:46,604 repast.simphony.batch.ssh.LocalDonePoller - Polled C:\Users\kbc7vn\AppData\Local\Temp\simphony_model_1605573921338 for DONE:  yes
INFO  [SwingWorker-pool-2-thread-5] 2020-11-16 21:10:46,605 repast.simphony.batch.ssh.SessionsDriver - Run Time: 85.3583
INFO  [SwingWorker-pool-2-thread-5] 2020-11-16 21:10:46,613 repast.simphony.batch.ssh.LocalSession - Finding output on localhost in C:\Users\kbc7vn\AppData\Local\Temp\simphony_model_1605573921338
INFO  [SwingWorker-pool-2-thread-5] 2020-11-16 21:10:46,619 repast.simphony.batch.ssh.SessionsDriver - Aggregating output into C:/Users/kbc7vn/workspace/DMD_kelley/output
INFO  [SwingWorker-pool-2-thread-5] 2020-11-16 21:10:46,641 repast.simphony.batch.ssh.SessionsDriver - Get Output Time: 0.0006
INFO  [SwingWorker-pool-2-thread-5] 2020-11-16 21:10:46,641 repast.simphony.batch.ssh.SessionsDriver - Finished. Elapsed Time: 85.4218
